                                                                
      ,ammmmmmmmmmmmmmb,,        Welcome to the                 
    ,@@` dm          mb  ===m                                    
  ,@@` d@@@@@@@@@@@@@@@@b Pm,    @@          @@        @@       
 d@  d@@@ @@@ @@@@@@ @@@@b ~@a   @@          @@     @@@@@@@@    
d@   @@@@ ^^^ @@@@ m m @@@   @,  @@          @@   @@@  @@  @@@  
@    @@@@_@@@_@@@@mm mm@@@   @|  @@mmmmmmmmmm@@  @@    @@    @@ 
P@    9@@@@@@@@@@@@@@@@@P    @~  @@@@@@@@@@@@@@  @@    @@    @@ 
 @@      ~~9@@@@@@PPP~      @P   @@          @@   @@@  @@  @@@  
  ~@@b      @@@@@@@      ,@@~    @@          @@     @@@@@@@@    
    ~@@@m,,@@@@@@@@@  ,m@~`      @@          @@        @@       
        ~~9@@@@@@@@@  ~                                         
           9@P~~~9@P             Version 3.0.0    
                                                                


#####  Parallelization Info.  #####

  OpenMP threads : 4
  MPI PEs : 1 


######  Standard Intarface Mode STARTS  ######

  Open Standard-Mode Inputfile ./stan.in 

  KEYWORD : l                    | VALUE : 2 
  KEYWORD : model                | VALUE : Hubbard 
  KEYWORD : method               | VALUE : FullDiag 
  KEYWORD : lattice              | VALUE : chain 
  KEYWORD : t                    | VALUE : 0.5 
  KEYWORD : u                    | VALUE : 4 
  KEYWORD : 2sz                  | VALUE : 0 
  KEYWORD : nelec                | VALUE : 2 

#######  Parameter Summary  #######

  @ Lattice Size & Shape

                a = 1.00000     ######  DEFAULT VALUE IS USED  ######
          Wlength = 1.00000     ######  DEFAULT VALUE IS USED  ######
          Llength = 1.00000     ######  DEFAULT VALUE IS USED  ######
               Wx = 1.00000     ######  DEFAULT VALUE IS USED  ######
               Wy = 0.00000     ######  DEFAULT VALUE IS USED  ######
               Lx = 0.00000     ######  DEFAULT VALUE IS USED  ######
               Ly = 1.00000     ######  DEFAULT VALUE IS USED  ######
           phase0 = 0.00000     ######  DEFAULT VALUE IS USED  ######
                L = 2  

  @ Super-Lattice setting

                L = 2         
                W = 1         
           Height = 1           ######  DEFAULT VALUE IS USED  ######
         Number of Cell = 2

  @ Hamiltonian 

                h = 0.00000     ######  DEFAULT VALUE IS USED  ######
            Gamma = 0.00000     ######  DEFAULT VALUE IS USED  ######
               mu = 0.00000     ######  DEFAULT VALUE IS USED  ######
                U = 4.00000   
               t0 = 0.50000    0.00000   
               t' = 0.00000    0.00000     ######  DEFAULT VALUE IS USED  ######
               V' = 0.00000     ######  DEFAULT VALUE IS USED  ######

  @ Numerical conditions

       LargeValue = 6.00000     ######  DEFAULT VALUE IS USED  ######

######  Print Expert input files  ######

    locspn.def is written.
      trans.def is written.
    coulombintra.def is written.
    CDataFileHead = zvo         ######  DEFAULT VALUE IS USED  ######
      Lanczos_max = 2000        ######  DEFAULT VALUE IS USED  ######
       initial_iv = -1          ######  DEFAULT VALUE IS USED  ######
             exct = 1           ######  DEFAULT VALUE IS USED  ######
       LanczosEps = 14          ######  DEFAULT VALUE IS USED  ######
    LanczosTarget = 2           ######  DEFAULT VALUE IS USED  ######
           NumAve = 5           ######  DEFAULT VALUE IS USED  ######
    ExpecInterval = 20          ######  DEFAULT VALUE IS USED  ######
           NOmega = 200         ######  DEFAULT VALUE IS USED  ######
         OmegaMax = 12.00000    ######  DEFAULT VALUE IS USED  ######
         OmegaMin = -12.00000   ######  DEFAULT VALUE IS USED  ######
          OmegaIm = 0.06000     ######  DEFAULT VALUE IS USED  ######
            nelec = 2  
     modpara.def is written.

  @ Spectrum

       SpectrumQW = 0.00000     ######  DEFAULT VALUE IS USED  ######
       SpectrumQL = 0.00000     ######  DEFAULT VALUE IS USED  ######
       SpectrumQH = 0.00000     ######  DEFAULT VALUE IS USED  ######
     SpectrumType = szsz        ######  DEFAULT VALUE IS USED  ######
        pair.def is written.


  @ CalcMod

          Restart = none        ######  DEFAULT VALUE IS USED  ######
   InitialVecType = c           ######  DEFAULT VALUE IS USED  ######
       EigenVecIO = none        ######  DEFAULT VALUE IS USED  ######
         CalcSpec = none        ######  DEFAULT VALUE IS USED  ######
     calcmod.def is written.

      ioutputmode = 1           ######  DEFAULT VALUE IS USED  ######
    greenone.def is written.
    greentwo.def is written.
    namelist.def is written.

######  Input files are generated.  ######

  Read File 'namelist.def'.
  Read File 'calcmod.def' for CalcMod.
  Read File 'modpara.def' for ModPara.
  Read File 'locspn.def' for LocSpin.
  Read File 'trans.def' for Trans.
  Read File 'coulombintra.def' for CoulombIntra.
  Read File 'greenone.def' for OneBodyG.
  Read File 'greentwo.def' for TwoBodyG.
  Read File 'pair.def' for PairExcitation.

######  Definition files are correct.  ######

  Read File 'locspn.def'.
  Read File 'trans.def'.
  Read File 'coulombintra.def'.
  Read File 'greenone.def'.
  Read File 'greentwo.def'.
  Read File 'pair.def'.

######  Indices and Parameters of Definition files(*.def) are complete.  ######

  MAX DIMENSION idim_max=4 
  APPROXIMATE REQUIRED MEMORY  max_mem=0.000001 GB 


######  MPI site separation summary  ######

  INTRA process site
    Site    Bit
       0       4
       1       4

  INTER process site
    Site    Bit

  Process element info
    Process       Dimension   Nup  Ndown  Nelec  Total2Sz   State
          0               4     1      1      2         0   

   Total dimension : 4


######  LARGE ALLOCATE FINISH !  ######

  Start: Calculate HilbertNum for fixed Sz. 
  End  : Calculate HilbertNum for fixed Sz. 

  Start: Calculate diagaonal components of Hamiltonian. 
  End  : Calculate diagaonal components of Hamiltonian. 

######  Start: Setting Hamiltonian.  ######

######  End  : Setting Hamiltonian.  ######

######  Start: Diagonalization.  ######

######  End  : Diagonalization.  ######

######  Start: Calc Expected value.  ######

i=    0 Energy= -0.828427 N=  2.000000 Sz=  0.000000 S2=  0.000000 Doublon=  0.146447 
i=    1 Energy=  0.000000 N=  2.000000 Sz=  0.000000 S2=  2.000000 Doublon=  0.000000 
i=    2 Energy=  4.000000 N=  2.000000 Sz=  0.000000 S2=  0.000000 Doublon=  1.000000 
i=    3 Energy=  4.828427 N=  2.000000 Sz=  0.000000 S2=  0.000000 Doublon=  0.853553 
######  End  : Calc Expected value.  ######

######  Finish Calculation.  ######
